2016-1-11 14:3:53 gsmake (package.lua:24) loading gsmake package
	D:/workspace/gsmake/lib/gsmake/plugin/github.com/gsmake/clang/.gsmake.lua
2016-1-11 14:3:53 gsmake (package.lua:28) load gsmake package -- success
	D:/workspace/gsmake/lib/gsmake/plugin/github.com/gsmake/clang/.gsmake.lua
2016-1-11 14:3:53 gsmake (package.lua:24) loading gsmake package
	D:/workspace/gsmake/lib/gsmake/plugin/github.com/gsmake/lua/.gsmake.lua
2016-1-11 14:3:53 gsmake (package.lua:28) load gsmake package -- success
	D:/workspace/gsmake/lib/gsmake/plugin/github.com/gsmake/lua/.gsmake.lua
2016-1-11 14:3:54 gsmake (package.lua:24) loading gsmake package
	D:/workspace/gsmake-gsrpc/.gsmake.lua
2016-1-11 14:3:54 gsmake (package.lua:28) load gsmake package -- success
	D:/workspace/gsmake-gsrpc/.gsmake.lua
2016-1-11 14:3:54 gsmake (package.lua:24) loading gsmake package
	D:/workspace/gsmake/lib/gsmake/cmd/builtin/.gsmake.lua
2016-1-11 14:3:54 gsmake (package.lua:28) load gsmake package -- success
	D:/workspace/gsmake/lib/gsmake/cmd/builtin/.gsmake.lua
2016-1-11 14:3:54 gsmake (package.lua:24) loading gsmake package
	D:/workspace/gsmake/lib/gsmake/sync/github.com/gsmake/curl/.gsmake.lua
2016-1-11 14:3:54 gsmake (package.lua:28) load gsmake package -- success
	D:/workspace/gsmake/lib/gsmake/sync/github.com/gsmake/curl/.gsmake.lua
2016-1-11 14:3:54 gsmake (plugin.lua:35) [github.com/gsmake/curl:snapshot] sync plugin package [github.com/gsmake/lua:snapshot]
2016-1-11 14:3:54 gsmake (plugin.lua:39) [github.com/gsmake/curl:snapshot] sync plugin package [github.com/gsmake/lua:snapshot] -- success
	path :D:/workspace/gsmake/lib/gsmake/plugin/github.com/gsmake/lua
2016-1-11 14:3:54 gsmake (plugin.lua:41) [github.com/gsmake/curl:snapshot] load plugin package [github.com/gsmake/lua:snapshot]
	path :D:/workspace/gsmake/lib/gsmake/plugin/github.com/gsmake/lua
2016-1-11 14:3:54 gsmake (package.lua:24) loading gsmake package
	D:/workspace/gsmake/lib/gsmake/plugin/github.com/gsmake/lua/.gsmake.lua
2016-1-11 14:3:54 gsmake (package.lua:28) load gsmake package -- success
	D:/workspace/gsmake/lib/gsmake/plugin/github.com/gsmake/lua/.gsmake.lua
2016-1-11 14:3:54 gsmake (plugin.lua:47) [github.com/gsmake/curl:snapshot] load plugin package [github.com/gsmake/lua:snapshot] -- success
	path :D:/workspace/gsmake/lib/gsmake/plugin/github.com/gsmake/lua
2016-1-11 14:3:54 gsmake (package.lua:24) loading gsmake package
	D:/workspace/gsmake/lib/gsmake/sync/github.com/gsmake/git/.gsmake.lua
2016-1-11 14:3:54 gsmake (package.lua:28) load gsmake package -- success
	D:/workspace/gsmake/lib/gsmake/sync/github.com/gsmake/git/.gsmake.lua
2016-1-11 14:3:54 gsmake (plugin.lua:35) [github.com/gsmake/git:snapshot] sync plugin package [github.com/gsmake/lua:snapshot]
2016-1-11 14:3:54 gsmake (plugin.lua:39) [github.com/gsmake/git:snapshot] sync plugin package [github.com/gsmake/lua:snapshot] -- success
	path :D:/workspace/gsmake/lib/gsmake/plugin/github.com/gsmake/lua
2016-1-11 14:3:54 gsmake (plugin.lua:41) [github.com/gsmake/git:snapshot] load plugin package [github.com/gsmake/lua:snapshot]
	path :D:/workspace/gsmake/lib/gsmake/plugin/github.com/gsmake/lua
2016-1-11 14:3:55 gsmake (package.lua:24) loading gsmake package
	D:/workspace/gsmake/lib/gsmake/plugin/github.com/gsmake/lua/.gsmake.lua
2016-1-11 14:3:55 gsmake (package.lua:28) load gsmake package -- success
	D:/workspace/gsmake/lib/gsmake/plugin/github.com/gsmake/lua/.gsmake.lua
2016-1-11 14:3:55 gsmake (plugin.lua:47) [github.com/gsmake/git:snapshot] load plugin package [github.com/gsmake/lua:snapshot] -- success
	path :D:/workspace/gsmake/lib/gsmake/plugin/github.com/gsmake/lua
2016-1-11 14:3:55 gsmake (plugin.lua:35) [github.com/gsmake/gsrpc:snapshot] sync plugin package [github.com/gsmake/commands:snapshot]
2016-1-11 14:3:55 gsmake (plugin.lua:39) [github.com/gsmake/gsrpc:snapshot] sync plugin package [github.com/gsmake/commands:snapshot] -- success
	path :D:/workspace/gsmake/lib/gsmake/cmd/builtin
2016-1-11 14:3:55 gsmake (plugin.lua:41) [github.com/gsmake/gsrpc:snapshot] load plugin package [github.com/gsmake/commands:snapshot]
	path :D:/workspace/gsmake/lib/gsmake/cmd/builtin
2016-1-11 14:3:55 gsmake (package.lua:24) loading gsmake package
	D:/workspace/gsmake/lib/gsmake/cmd/builtin/.gsmake.lua
2016-1-11 14:3:55 gsmake (package.lua:28) load gsmake package -- success
	D:/workspace/gsmake/lib/gsmake/cmd/builtin/.gsmake.lua
2016-1-11 14:3:55 gsmake (plugin.lua:35) [github.com/gsmake/commands:snapshot] sync plugin package [github.com/gsmake/lua:snapshot]
2016-1-11 14:3:55 gsmake (plugin.lua:39) [github.com/gsmake/commands:snapshot] sync plugin package [github.com/gsmake/lua:snapshot] -- success
	path :D:/workspace/gsmake/lib/gsmake/plugin/github.com/gsmake/lua
2016-1-11 14:3:55 gsmake (plugin.lua:41) [github.com/gsmake/commands:snapshot] load plugin package [github.com/gsmake/lua:snapshot]
	path :D:/workspace/gsmake/lib/gsmake/plugin/github.com/gsmake/lua
2016-1-11 14:3:55 gsmake (package.lua:24) loading gsmake package
	D:/workspace/gsmake/lib/gsmake/plugin/github.com/gsmake/lua/.gsmake.lua
2016-1-11 14:3:55 gsmake (package.lua:28) load gsmake package -- success
	D:/workspace/gsmake/lib/gsmake/plugin/github.com/gsmake/lua/.gsmake.lua
2016-1-11 14:3:55 gsmake (plugin.lua:47) [github.com/gsmake/commands:snapshot] load plugin package [github.com/gsmake/lua:snapshot] -- success
	path :D:/workspace/gsmake/lib/gsmake/plugin/github.com/gsmake/lua
2016-1-11 14:3:55 gsmake (plugin.lua:47) [github.com/gsmake/gsrpc:snapshot] load plugin package [github.com/gsmake/commands:snapshot] -- success
	path :D:/workspace/gsmake/lib/gsmake/cmd/builtin
2016-1-11 14:3:55 gsmake (plugin.lua:35) [github.com/gsmake/gsrpc:snapshot] sync plugin package [github.com/gsmake/lua:snapshot]
2016-1-11 14:3:55 gsmake (plugin.lua:39) [github.com/gsmake/gsrpc:snapshot] sync plugin package [github.com/gsmake/lua:snapshot] -- success
	path :D:/workspace/gsmake/lib/gsmake/plugin/github.com/gsmake/lua
2016-1-11 14:3:55 gsmake (plugin.lua:41) [github.com/gsmake/gsrpc:snapshot] load plugin package [github.com/gsmake/lua:snapshot]
	path :D:/workspace/gsmake/lib/gsmake/plugin/github.com/gsmake/lua
2016-1-11 14:3:55 gsmake (package.lua:24) loading gsmake package
	D:/workspace/gsmake/lib/gsmake/plugin/github.com/gsmake/lua/.gsmake.lua
2016-1-11 14:3:55 gsmake (package.lua:28) load gsmake package -- success
	D:/workspace/gsmake/lib/gsmake/plugin/github.com/gsmake/lua/.gsmake.lua
2016-1-11 14:3:55 gsmake (plugin.lua:47) [github.com/gsmake/gsrpc:snapshot] load plugin package [github.com/gsmake/lua:snapshot] -- success
	path :D:/workspace/gsmake/lib/gsmake/plugin/github.com/gsmake/lua
2016-1-11 14:3:55 gsmake (plugin.lua:55) [github.com/gsmake/gsrpc:snapshot] setup plugin package [github.com/gsmake/commands:snapshot]
	path :D:/workspace/gsmake/lib/gsmake/cmd/builtin
2016-1-11 14:3:55 gsmake (plugin.lua:55) [github.com/gsmake/commands:snapshot] setup plugin package [github.com/gsmake/lua:snapshot]
	path :D:/workspace/gsmake/lib/gsmake/plugin/github.com/gsmake/lua
2016-1-11 14:3:55 gsmake (plugin.lua:57) [github.com/gsmake/commands:snapshot] setup plugin package [github.com/gsmake/lua:snapshot] -- success
	path :D:/workspace/gsmake/lib/gsmake/plugin/github.com/gsmake/lua
2016-1-11 14:3:55 gsmake (plugin.lua:61) [github.com/gsmake/commands:snapshot] install plugin package [github.com/gsmake/lua:snapshot]
	install path :D:/workspace/gsmake/lib/gsmake/cmd/builtin/.gsmake
2016-1-11 14:3:55 gsmake (runner.lua:46) register taskgroup(install) :
2016-1-11 14:3:55 gsmake (runner.lua:48) 	from package [github.com/gsmake/lua:snapshot]
2016-1-11 14:3:55 gsmake (runner.lua:126) topshort task(install) from package [github.com/gsmake/lua:snapshot] ;lua bootstrap install task
2016-1-11 14:3:55 gsmake (runner.lua:70) invoke task(install)
2016-1-11 14:3:55 gsmake (runner.lua:73) 	from package [github.com/gsmake/lua:snapshot] ...
2016-1-11 14:3:55 gsmake (.gsmake.lua:14) install path :D:/workspace/gsmake/lib/gsmake/cmd/builtin/.gsmake/gsmake/github.com/gsmake/lua
2016-1-11 14:3:55 gsmake (.gsmake.lua:21) copy
	from:D:/workspace/gsmake/lib/gsmake/plugin/github.com/gsmake/lua/src/plugin/lua
	to:D:/workspace/gsmake/lib/gsmake/cmd/builtin/.gsmake/gsmake/github.com/gsmake/lua/gsmake
2016-1-11 14:3:55 gsmake (runner.lua:86) 	from package [github.com/gsmake/lua:snapshot] -- success
2016-1-11 14:3:55 gsmake (runner.lua:89) invoke task(install) -- success
2016-1-11 14:3:55 gsmake (plugin.lua:63) [github.com/gsmake/commands:snapshot] install plugin package [github.com/gsmake/lua:snapshot] -- success
	install path :D:/workspace/gsmake/lib/gsmake/cmd/builtin/.gsmake
2016-1-11 14:3:55 gsmake (plugin.lua:57) [github.com/gsmake/gsrpc:snapshot] setup plugin package [github.com/gsmake/commands:snapshot] -- success
	path :D:/workspace/gsmake/lib/gsmake/cmd/builtin
2016-1-11 14:3:55 gsmake (plugin.lua:61) [github.com/gsmake/gsrpc:snapshot] install plugin package [github.com/gsmake/commands:snapshot]
	install path :D:/workspace/gsmake-gsrpc/.gsmake
2016-1-11 14:3:55 gsmake (runner.lua:46) register taskgroup(resources) :
2016-1-11 14:3:55 gsmake (runner.lua:48) 	from package [github.com/gsmake/lua:snapshot]
2016-1-11 14:3:55 gsmake (runner.lua:46) register taskgroup(install) :
2016-1-11 14:3:55 gsmake (runner.lua:48) 	from package [github.com/gsmake/lua:snapshot]
2016-1-11 14:3:55 gsmake (runner.lua:126) topshort task(install) from package [github.com/gsmake/lua:snapshot] ;lua language install task
2016-1-11 14:3:55 gsmake (runner.lua:126) topshort task(resources) from package [github.com/gsmake/lua:snapshot] ;prepare lua project's resources
2016-1-11 14:3:55 gsmake (runner.lua:70) invoke task(resources)
2016-1-11 14:3:55 gsmake (runner.lua:73) 	from package [github.com/gsmake/lua:snapshot] ...
2016-1-11 14:3:55 gsmake (runner.lua:86) 	from package [github.com/gsmake/lua:snapshot] -- success
2016-1-11 14:3:55 gsmake (runner.lua:89) invoke task(resources) -- success
2016-1-11 14:3:55 gsmake (runner.lua:70) invoke task(install)
2016-1-11 14:3:55 gsmake (runner.lua:73) 	from package [github.com/gsmake/lua:snapshot] ...
2016-1-11 14:3:55 gsmake (runner.lua:86) 	from package [github.com/gsmake/lua:snapshot] -- success
2016-1-11 14:3:55 gsmake (runner.lua:89) invoke task(install) -- success
2016-1-11 14:3:55 gsmake (plugin.lua:63) [github.com/gsmake/gsrpc:snapshot] install plugin package [github.com/gsmake/commands:snapshot] -- success
	install path :D:/workspace/gsmake-gsrpc/.gsmake
2016-1-11 14:3:55 gsmake (plugin.lua:55) [github.com/gsmake/gsrpc:snapshot] setup plugin package [github.com/gsmake/lua:snapshot]
	path :D:/workspace/gsmake/lib/gsmake/plugin/github.com/gsmake/lua
2016-1-11 14:3:55 gsmake (plugin.lua:57) [github.com/gsmake/gsrpc:snapshot] setup plugin package [github.com/gsmake/lua:snapshot] -- success
	path :D:/workspace/gsmake/lib/gsmake/plugin/github.com/gsmake/lua
2016-1-11 14:3:55 gsmake (plugin.lua:61) [github.com/gsmake/gsrpc:snapshot] install plugin package [github.com/gsmake/lua:snapshot]
	install path :D:/workspace/gsmake-gsrpc/.gsmake
2016-1-11 14:3:55 gsmake (runner.lua:46) register taskgroup(install) :
2016-1-11 14:3:55 gsmake (runner.lua:48) 	from package [github.com/gsmake/lua:snapshot]
2016-1-11 14:3:55 gsmake (runner.lua:126) topshort task(install) from package [github.com/gsmake/lua:snapshot] ;lua bootstrap install task
2016-1-11 14:3:55 gsmake (runner.lua:70) invoke task(install)
2016-1-11 14:3:55 gsmake (runner.lua:73) 	from package [github.com/gsmake/lua:snapshot] ...
2016-1-11 14:3:55 gsmake (.gsmake.lua:14) install path :D:/workspace/gsmake-gsrpc/.gsmake/gsmake/github.com/gsmake/lua
2016-1-11 14:3:55 gsmake (.gsmake.lua:21) copy
	from:D:/workspace/gsmake/lib/gsmake/plugin/github.com/gsmake/lua/src/plugin/lua
	to:D:/workspace/gsmake-gsrpc/.gsmake/gsmake/github.com/gsmake/lua/gsmake
2016-1-11 14:3:55 gsmake (runner.lua:86) 	from package [github.com/gsmake/lua:snapshot] -- success
2016-1-11 14:3:55 gsmake (runner.lua:89) invoke task(install) -- success
2016-1-11 14:3:55 gsmake (plugin.lua:63) [github.com/gsmake/gsrpc:snapshot] install plugin package [github.com/gsmake/lua:snapshot] -- success
	install path :D:/workspace/gsmake-gsrpc/.gsmake
2016-1-11 14:3:55 gsmake (runner.lua:46) register taskgroup(resources) :
2016-1-11 14:3:55 gsmake (runner.lua:48) 	from package [github.com/gsmake/lua:snapshot]
2016-1-11 14:3:55 gsmake (runner.lua:46) register taskgroup(cache) :
2016-1-11 14:3:55 gsmake (runner.lua:48) 	from package [github.com/gsmake/commands:snapshot]
2016-1-11 14:3:55 gsmake (runner.lua:46) register taskgroup(install) :
2016-1-11 14:3:55 gsmake (runner.lua:48) 	from package [github.com/gsmake/lua:snapshot]
2016-1-11 14:3:55 gsmake (runner.lua:46) register taskgroup(list) :
2016-1-11 14:3:55 gsmake (runner.lua:48) 	from package [github.com/gsmake/commands:snapshot]
2016-1-11 14:3:55 gsmake (runner.lua:126) topshort task(cache) from package [github.com/gsmake/commands:snapshot] ;cache local package
2016-1-11 14:3:55 gsmake (runner.lua:70) invoke task(cache)
2016-1-11 14:3:55 gsmake (runner.lua:73) 	from package [github.com/gsmake/commands:snapshot] ...
2016-1-11 14:3:55 gsmake (package.lua:24) loading gsmake package
	D:/workspace/gsmake-gsrpc/.gsmake.lua
2016-1-11 14:3:55 gsmake (package.lua:28) load gsmake package -- success
	D:/workspace/gsmake-gsrpc/.gsmake.lua
2016-1-11 14:3:55 gsmake (runner.lua:86) 	from package [github.com/gsmake/commands:snapshot] -- success
2016-1-11 14:3:55 gsmake (runner.lua:89) invoke task(cache) -- success
